# JRE version: OpenJDK Runtime Environment Temurin-17.0.4.1+1 (17.0.4.1+1) (build 17.0.4.1+1)
# Java VM: OpenJDK 64-Bit Server VM Temurin-17.0.4.1+1 (17.0.4.1+1, mixed mode, tiered, compressed oops, compressed class ptrs, g1 gc, windows-amd64)
GC Precious Log:
 CPUs: 8 total, 8 available
 Memory: 7872M
 Large Page Support: Disabled
 NUMA Support: Disabled
 Compressed Oops: Enabled (32-bit)
 Heap Region Size: 1M
 Heap Min Capacity: 8M
 Heap Initial Capacity: 124M
 Heap Max Capacity: 1970M
 Pre-touch: Disabled
 Parallel Workers: 8
 Concurrent Workers: 2
 Concurrent Refinement Workers: 8
 Periodic GC: Disabled
Heap:
 garbage-first heap   total 71680K, used 52392K [0x0000000084e00000, 0x0000000100000000)
  region size 1024K, 19 young (19456K), 1 survivors (1024K)
 Metaspace       used 86209K, committed 86848K, reserved 1130496K
  class space    used 11272K, committed 11584K, reserved 1048576K
GC Heap History (20 events):
Event: 163.384 GC heap before
{Heap before GC invocations=116 (full 0):
 garbage-first heap   total 71680K, used 61617K [0x0000000084e00000, 0x0000000100000000)
  region size 1024K, 27 young (27648K), 1 survivors (1024K)
 Metaspace       used 86202K, committed 86848K, reserved 1130496K
  class space    used 11272K, committed 11584K, reserved 1048576K
}
Event: 163.385 GC heap after
{Heap after GC invocations=117 (full 0):
 garbage-first heap   total 71680K, used 34981K [0x0000000084e00000, 0x0000000100000000)
  region size 1024K, 1 young (1024K), 1 survivors (1024K)
 Metaspace       used 86202K, committed 86848K, reserved 1130496K
  class space    used 11272K, committed 11584K, reserved 1048576K
}
Event: 163.620 GC heap before
{Heap before GC invocations=117 (full 0):
 garbage-first heap   total 71680K, used 61605K [0x0000000084e00000, 0x0000000100000000)
  region size 1024K, 27 young (27648K), 1 survivors (1024K)
 Metaspace       used 86206K, committed 86848K, reserved 1130496K
  class space    used 11272K, committed 11584K, reserved 1048576K
}
Event: 163.620 GC heap after
{Heap after GC invocations=118 (full 0):
 garbage-first heap   total 71680K, used 34975K [0x0000000084e00000, 0x0000000100000000)
  region size 1024K, 1 young (1024K), 1 survivors (1024K)
 Metaspace       used 86206K, committed 86848K, reserved 1130496K
  class space    used 11272K, committed 11584K, reserved 1048576K
}
Event: 163.857 GC heap before
{Heap before GC invocations=118 (full 0):
 garbage-first heap   total 71680K, used 61599K [0x0000000084e00000, 0x0000000100000000)
  region size 1024K, 27 young (27648K), 1 survivors (1024K)
 Metaspace       used 86207K, committed 86848K, reserved 1130496K
  class space    used 11272K, committed 11584K, reserved 1048576K
}
Event: 163.858 GC heap after
{Heap after GC invocations=119 (full 0):
 garbage-first heap   total 71680K, used 34991K [0x0000000084e00000, 0x0000000100000000)
  region size 1024K, 1 young (1024K), 1 survivors (1024K)
 Metaspace       used 86207K, committed 86848K, reserved 1130496K
  class space    used 11272K, committed 11584K, reserved 1048576K
}
Event: 164.037 GC heap before
{Heap before GC invocations=119 (full 0):
 garbage-first heap   total 71680K, used 61615K [0x0000000084e00000, 0x0000000100000000)
  region size 1024K, 27 young (27648K), 1 survivors (1024K)
 Metaspace       used 86207K, committed 86848K, reserved 1130496K
  class space    used 11272K, committed 11584K, reserved 1048576K
}
Event: 164.038 GC heap after
{Heap after GC invocations=120 (full 0):
 garbage-first heap   total 71680K, used 34983K [0x0000000084e00000, 0x0000000100000000)
  region size 1024K, 1 young (1024K), 1 survivors (1024K)
 Metaspace       used 86207K, committed 86848K, reserved 1130496K
  class space    used 11272K, committed 11584K, reserved 1048576K
}
Event: 164.301 GC heap before
{Heap before GC invocations=120 (full 0):
 garbage-first heap   total 71680K, used 61607K [0x0000000084e00000, 0x0000000100000000)
  region size 1024K, 27 young (27648K), 1 survivors (1024K)
 Metaspace       used 86207K, committed 86848K, reserved 1130496K
  class space    used 11272K, committed 11584K, reserved 1048576K
}
Event: 164.301 GC heap after
{Heap after GC invocations=121 (full 0):
 garbage-first heap   total 71680K, used 34953K [0x0000000084e00000, 0x0000000100000000)
  region size 1024K, 1 young (1024K), 1 survivors (1024K)
 Metaspace       used 86207K, committed 86848K, reserved 1130496K
  class space    used 11272K, committed 11584K, reserved 1048576K
}
Event: 164.536 GC heap before
{Heap before GC invocations=121 (full 0):
 garbage-first heap   total 71680K, used 61577K [0x0000000084e00000, 0x0000000100000000)
  region size 1024K, 27 young (27648K), 1 survivors (1024K)
 Metaspace       used 86207K, committed 86848K, reserved 1130496K
  class space    used 11272K, committed 11584K, reserved 1048576K
}
Event: 164.536 GC heap after
{Heap after GC invocations=122 (full 0):
 garbage-first heap   total 71680K, used 34987K [0x0000000084e00000, 0x0000000100000000)
  region size 1024K, 1 young (1024K), 1 survivors (1024K)
 Metaspace       used 86207K, committed 86848K, reserved 1130496K
  class space    used 11272K, committed 11584K, reserved 1048576K
}
Event: 164.718 GC heap before
{Heap before GC invocations=122 (full 0):
 garbage-first heap   total 71680K, used 61611K [0x0000000084e00000, 0x0000000100000000)
  region size 1024K, 27 young (27648K), 1 survivors (1024K)
 Metaspace       used 86207K, committed 86848K, reserved 1130496K
  class space    used 11272K, committed 11584K, reserved 1048576K
}
Event: 164.718 GC heap after
{Heap after GC invocations=123 (full 0):
 garbage-first heap   total 71680K, used 34971K [0x0000000084e00000, 0x0000000100000000)
  region size 1024K, 1 young (1024K), 1 survivors (1024K)
 Metaspace       used 86207K, committed 86848K, reserved 1130496K
  class space    used 11272K, committed 11584K, reserved 1048576K
}
Event: 164.899 GC heap before
{Heap before GC invocations=123 (full 0):
 garbage-first heap   total 71680K, used 61595K [0x0000000084e00000, 0x0000000100000000)
  region size 1024K, 27 young (27648K), 1 survivors (1024K)
 Metaspace       used 86207K, committed 86848K, reserved 1130496K
  class space    used 11272K, committed 11584K, reserved 1048576K
}
Event: 164.899 GC heap after
{Heap after GC invocations=124 (full 0):
 garbage-first heap   total 71680K, used 34986K [0x0000000084e00000, 0x0000000100000000)
  region size 1024K, 1 young (1024K), 1 survivors (1024K)
 Metaspace       used 86207K, committed 86848K, reserved 1130496K
  class space    used 11272K, committed 11584K, reserved 1048576K
}
Event: 165.160 GC heap before
{Heap before GC invocations=124 (full 0):
 garbage-first heap   total 71680K, used 61610K [0x0000000084e00000, 0x0000000100000000)
  region size 1024K, 27 young (27648K), 1 survivors (1024K)
 Metaspace       used 86207K, committed 86848K, reserved 1130496K
  class space    used 11272K, committed 11584K, reserved 1048576K
}
Event: 165.160 GC heap after
{Heap after GC invocations=125 (full 0):
 garbage-first heap   total 71680K, used 34990K [0x0000000084e00000, 0x0000000100000000)
  region size 1024K, 1 young (1024K), 1 survivors (1024K)
 Metaspace       used 86207K, committed 86848K, reserved 1130496K
  class space    used 11272K, committed 11584K, reserved 1048576K
}
Event: 165.303 GC heap before
{Heap before GC invocations=125 (full 0):
 garbage-first heap   total 71680K, used 61614K [0x0000000084e00000, 0x0000000100000000)
  region size 1024K, 27 young (27648K), 1 survivors (1024K)
 Metaspace       used 86209K, committed 86848K, reserved 1130496K
  class space    used 11272K, committed 11584K, reserved 1048576K
}
Event: 165.304 GC heap after
{Heap after GC invocations=126 (full 0):
 garbage-first heap   total 71680K, used 34984K [0x0000000084e00000, 0x0000000100000000)
  region size 1024K, 1 young (1024K), 1 survivors (1024K)
 Metaspace       used 86209K, committed 86848K, reserved 1130496K
  class space    used 11272K, committed 11584K, reserved 1048576K
}

